5215550063692:ENCOLADO ans_0f64f9cb-911d-4fde-bb73-5390f7531ff8
EJECUTANDO:ans_0f64f9cb-911d-4fde-bb73-5390f7531ff8
5215550063692:SUCCESS
5215550063692:ENCOLADO ans_df4ab389-9241-439c-9a6c-a226b249a221
EJECUTANDO:ans_df4ab389-9241-439c-9a6c-a226b249a221
5215550063692:SUCCESS
5215550063692:ENCOLADO ans_3cb1c852-99ac-4386-881d-83f91193d97c
EJECUTANDO:ans_3cb1c852-99ac-4386-881d-83f91193d97c
5215550063692:SUCCESS
5215550063692:ENCOLADO ans_ea3782e7-8461-4ad2-b806-99d53fcf11b3
EJECUTANDO:ans_ea3782e7-8461-4ad2-b806-99d53fcf11b3
5215550063692:SUCCESS
5215550063692:ENCOLADO ans_8be2c189-f107-4b54-b967-71f68023d4cf
EJECUTANDO:ans_8be2c189-f107-4b54-b967-71f68023d4cf
5215550063692:SUCCESS
5215550063692:ENCOLADO ans_da6aee7a-99a3-4c64-9b27-41c1adbfaa71
EJECUTANDO:ans_da6aee7a-99a3-4c64-9b27-41c1adbfaa71
5215550063692:SUCCESS
5215550063692:ENCOLADO ans_33c63f57-e9f9-4eac-b277-e34ca36936b5
EJECUTANDO:ans_33c63f57-e9f9-4eac-b277-e34ca36936b5
5215550063692:SUCCESS
5215550063692:ENCOLADO ans_adcab6ec-bf0e-4032-912b-5352ad763bdc
EJECUTANDO:ans_adcab6ec-bf0e-4032-912b-5352ad763bdc
5215550063692:SUCCESS
5215550063692:ENCOLADO ans_6da12ecb-0be1-4543-80d7-9625258da148
EJECUTANDO:ans_6da12ecb-0be1-4543-80d7-9625258da148
5215550063692:SUCCESS
5215550063692:ENCOLADO ans_b22057ad-b0a8-45e6-bb7c-965acb1c4b2a
EJECUTANDO:ans_b22057ad-b0a8-45e6-bb7c-965acb1c4b2a
5215550063692:SUCCESS
5215550063692:ENCOLADO ans_8ef4b650-58c0-45ef-8342-588a299c3d28
EJECUTANDO:ans_8ef4b650-58c0-45ef-8342-588a299c3d28
5215550063692:SUCCESS
5215550063692:ENCOLADO ans_392855a0-7e67-44f8-9f42-9338e45647ca
EJECUTANDO:ans_392855a0-7e67-44f8-9f42-9338e45647ca
5215550063692:SUCCESS
5215550063692:ENCOLADO ans_4410b617-ce1d-44c2-b13e-6701780d0cd7
EJECUTANDO:ans_4410b617-ce1d-44c2-b13e-6701780d0cd7
5215550063692:SUCCESS
5215550063692:ENCOLADO ans_74baf21a-decd-48bf-8940-7b54013e4a27
EJECUTANDO:ans_74baf21a-decd-48bf-8940-7b54013e4a27
5215550063692:SUCCESS
5215550063692:ENCOLADO ans_4111255e-a005-420d-9951-5b606df5eaa0
EJECUTANDO:ans_4111255e-a005-420d-9951-5b606df5eaa0
5215550063692:SUCCESS
5215550063692:ENCOLADO ans_94931c50-a917-41fe-b7fa-763e7029419d
EJECUTANDO:ans_94931c50-a917-41fe-b7fa-763e7029419d
5215550063692:SUCCESS
5215550063692:ENCOLADO ans_51252011-7138-44ae-90fd-76af78447248
EJECUTANDO:ans_51252011-7138-44ae-90fd-76af78447248
5215550063692:SUCCESS
5215550063692:ENCOLADO ans_48219050-027b-42ff-82a8-fc304389f8aa
EJECUTANDO:ans_48219050-027b-42ff-82a8-fc304389f8aa
5215550063692:SUCCESS
